[2025-05-13 11:09:59] info: הטסט התחיל
[2025-05-13 11:11:26] info: הטסט התחיל
[2025-05-13 11:21:06] info: הטסט התחיל
[2025-05-13 11:23:24] info: הטסט התחיל
[2025-05-13 11:27:49] info: הטסט התחיל
[2025-05-13 11:30:07] info: הטסט התחיל
[2025-05-13 11:33:27] info: הטסט התחיל
[2025-05-13 11:40:54] info: הטסט התחיל
[2025-05-13 11:41:44] info: הטסט התחיל
[2025-05-13 11:42:32] info: הטסט התחיל
[2025-05-13 11:43:22] info: הטסט התחיל
[2025-05-13 11:43:52] info: הטסט התחיל
[2025-05-13 11:48:01] info: הטסט התחיל
[2025-05-13 11:48:36] info: הטסט התחיל
[2025-05-13 11:50:02] info: הטסט התחיל
[2025-05-13 11:52:51] info: הטסט התחיל
[2025-05-13 12:00:01] info: הטסט התחיל
[2025-05-13 12:04:50] info: הטסט התחיל
[2025-05-13 12:07:12] info: הטסט התחיל
[2025-05-13 12:08:46] info: הטסט התחיל
[2025-05-13 12:10:01] info: הטסט התחיל
[2025-05-13 12:12:25] info: הטסט התחיל
[2025-05-13 12:14:58] info: הטסט התחיל
[2025-05-13 12:15:38] info: הטסט התחיל
[2025-05-13 12:17:43] info: הטסט התחיל
[2025-05-13 12:19:23] info: הטסט התחיל
[2025-05-13 12:21:10] info: הטסט התחיל
[2025-05-13 12:23:44] info: הטסט התחיל
[2025-05-13 12:24:27] info: הטסט התחיל
[2025-05-13 12:26:24] info: הטסט התחיל
[2025-05-13 12:34:37] info: הטסט התחיל
[2025-05-13 12:47:36] info: הטסט התחיל
[2025-05-13 13:42:20] info: הטסט התחיל
[2025-05-13 13:44:12] info: הטסט התחיל
[2025-05-13 13:44:20] info: הטסט התחיל
[2025-05-13 13:48:49] info: הטסט התחיל
[2025-05-13 13:49:36] info: הטסט התחיל
[2025-05-13 13:49:49] info: הטסט התחיל
[2025-05-13 13:49:56] info: הטסט התחיל
[2025-05-13 13:53:05] info: הטסט התחיל
[2025-05-13 13:53:12] info: הטסט התחיל
[2025-05-13 14:02:20] info: הטסט התחיל
[2025-05-13 14:02:30] info: הטסט התחיל
[2025-05-13 14:05:16] info: הטסט התחיל
[2025-05-13 14:05:26] info: הטסט התחיל
[2025-05-15 09:52:41] info: הטסט התחיל
[2025-05-15 09:52:52] info: הטסט התחיל
[2025-05-15 09:55:18] info: הטסט התחיל
[2025-05-15 09:55:32] info: הטסט התחיל
[2025-05-15 09:56:42] info: we came to the end
[2025-05-15 09:56:44] info: worked
[2025-05-15 09:56:49] info: פיקוד אחד נלחץ
[2025-05-15 09:59:05] info: הטסט התחיל
[2025-05-15 09:59:59] info: we came to the end
[2025-05-15 10:00:01] info: worked
[2025-05-15 10:00:06] info: פיקוד אחד נלחץ
[2025-05-15 10:12:27] info: הטסט התחיל
[2025-05-15 10:27:49] info: הטסט התחיל
[2025-05-15 10:28:34] info: we came to the end
[2025-05-15 10:28:37] info: worked
[2025-05-15 10:28:41] info: פיקוד אחד נלחץ
[2025-05-15 10:29:20] info: אוגדה 1 נלחצה
[2025-05-15 10:30:57] info: הטסט התחיל
[2025-05-15 10:31:41] info: we came to the end
[2025-05-15 10:31:42] info: worked
[2025-05-15 10:31:45] info: פיקוד אחד נלחץ
[2025-05-15 10:31:55] info: אוגדה 1 נלחצה
[2025-05-26 10:12:26] info: הטסט התחיל
[2025-05-26 10:14:15] info: הטסט התחיל
[2025-05-26 10:14:27] info: הטסט התחיל
[2025-05-26 10:15:28] info: we came to the end
[2025-05-26 10:15:32] info: worked
[2025-05-26 10:15:35] info: פיקוד אחד נלחץ
[2025-05-26 10:15:45] info: אוגדה 1 נלחצה
[2025-05-26 10:40:18] info: הטסט התחיל
[2025-05-26 10:40:28] info: הטסט התחיל
[2025-05-26 10:50:45] info: הטסט התחיל
[2025-05-26 10:50:54] info: הטסט התחיל
[2025-05-26 10:51:41] info: we came to the end
[2025-05-26 10:51:42] info: worked
[2025-05-26 10:51:46] info: פיקוד אחד נלחץ
[2025-05-26 10:52:12] info: אוגדה 1 נלחצה
[2025-05-26 10:53:05] info: הטסט התחיל
[2025-05-26 10:53:12] info: הטסט התחיל
[2025-05-26 10:53:58] info: we came to the end
[2025-05-26 10:53:59] info: worked
[2025-05-26 10:54:02] info: פיקוד אחד נלחץ
[2025-05-26 10:54:11] info: אוגדה 1 נלחצה
[2025-05-28 14:14:30] info: הטסט התחיל
[2025-05-28 14:14:42] info: הטסט התחיל
[2025-05-28 14:16:49] info: הטסט התחיל
[2025-05-28 14:19:19] info: הטסט התחיל
[2025-05-28 14:19:57] info: הטסט התחיל
[2025-06-16 12:28:10] info: הטסט התחיל
[2025-06-16 12:28:17] info: הטסט התחיל
[2025-06-16 12:39:29] info: הטסט התחיל
[2025-06-16 12:40:00] info: הטסט התחיל
[2025-06-16 12:47:54] info: הטסט התחיל
[2025-06-16 12:47:59] info: הטסט התחיל
[2025-06-16 12:48:28] info: הטסט התחיל
[2025-06-16 12:48:33] info: הטסט התחיל
[2025-06-16 13:07:52] info: הטסט התחיל
[2025-06-16 13:09:08] info: הטסט התחיל
[2025-06-16 13:09:49] info: הטסט התחיל
[2025-06-16 13:13:43] info: הטסט התחיל
[2025-06-16 13:19:43] info: הטסט התחיל
[2025-06-16 13:19:57] info: הטסט התחיל
[2025-06-16 13:20:29] info: הטסט התחיל
[2025-06-16 13:21:15] info: הטסט התחיל
[2025-06-16 13:21:55] info: הטסט התחיל
[2025-06-16 13:23:05] info: הטסט התחיל
[2025-06-16 13:24:18] info: הטסט התחיל
[2025-06-16 13:25:41] info: הטסט התחיל
[2025-06-16 13:27:32] info: הטסט התחיל
[2025-06-16 13:28:47] info: הטסט התחיל
[2025-06-16 13:30:59] info: הטסט התחיל
[2025-06-18 14:30:34] info: הטסט התחיל
[2025-06-18 14:34:31] info: הטסט התחיל
[2025-06-18 14:43:04] info: הטסט התחיל
[2025-06-18 14:44:44] info: הטסט התחיל
[2025-06-18 14:50:26] info: הטסט התחיל
[2025-06-18 14:58:34] info: הטסט התחיל
[2025-06-18 15:01:34] info: הטסט התחיל
[2025-06-18 15:02:30] info: הטסט התחיל
[2025-06-18 15:07:51] info: הטסט התחיל
[2025-06-18 15:11:05] info: הטסט התחיל
[2025-06-18 15:14:31] info: הטסט התחיל
[2025-06-18 15:25:32] info: הטסט התחיל
[2025-06-18 15:26:45] info: הטסט התחיל
[2025-06-18 15:29:53] info: הטסט התחיל
[2025-06-18 15:30:35] info: הטסט התחיל
[2025-06-18 15:34:37] info: הטסט התחיל
[2025-06-18 15:36:01] info: הטסט התחיל
[2025-06-18 15:38:19] info: הטסט התחיל
[2025-06-18 15:39:08] info: הטסט התחיל
[2025-06-18 15:40:33] info: הטסט התחיל
[2025-06-18 15:40:58] info: הטסט התחיל
[2025-06-18 15:42:25] info: הטסט התחיל
[2025-06-18 15:42:52] info: הטסט התחיל
[2025-06-18 15:46:32] info: הטסט התחיל
[2025-06-18 15:47:07] info: הטסט התחיל
[2025-06-19 12:47:55] info: הטסט התחיל
[2025-06-19 12:48:09] info: הטסט התחיל
[2025-06-19 12:48:53] info: הטסט התחיל
[2025-06-19 12:51:44] info: הטסט התחיל
[2025-06-19 12:56:43] info: הטסט התחיל
[2025-06-19 12:56:54] info: הטסט התחיל
[2025-06-19 12:57:56] info: הטסט התחיל
[2025-06-19 12:58:05] info: הטסט התחיל
[2025-06-19 12:58:13] info: הטסט התחיל
[2025-06-19 12:58:21] info: הטסט התחיל
[2025-06-19 12:58:29] info: הטסט התחיל
[2025-06-19 12:58:43] info: הטסט התחיל
[2025-06-19 12:58:52] info: הטסט התחיל
[2025-06-19 12:59:15] info: הטסט התחיל
[2025-06-19 13:15:41] info: הטסט התחיל
[2025-06-19 13:15:51] info: הטסט התחיל
[2025-06-19 13:15:58] info: הטסט התחיל
[2025-06-19 13:16:04] info: הטסט התחיל
[2025-06-19 13:16:10] info: הטסט התחיל
[2025-06-19 13:16:17] info: הטסט התחיל
[2025-06-19 13:16:25] info: הטסט התחיל
[2025-06-19 13:16:35] info: הטסט התחיל
[2025-06-19 13:16:43] info: בדיקת תמונות: pic 1
[2025-06-19 13:17:10] info: בדיקת תמונות: pic 2
[2025-06-21 20:13:04] info: הטסט התחיל
[2025-06-21 20:15:47] info: הטסט התחיל
[2025-06-21 20:18:08] info: הטסט התחיל
[2025-06-21 20:19:58] info: הטסט התחיל
[2025-06-21 20:21:05] info: הטסט התחיל
[2025-06-21 20:21:31] info: הטסט התחיל
[2025-06-21 20:27:43] info: הטסט התחיל
[2025-06-21 20:32:50] info: הטסט התחיל
[2025-06-21 20:41:43] info: הטסט התחיל
[2025-06-21 20:43:31] info: הטסט התחיל
[2025-06-21 20:45:35] info: הטסט התחיל
[2025-06-21 20:48:02] info: הטסט התחיל
[2025-06-21 20:50:32] info: הטסט התחיל
[2025-06-21 20:52:24] info: הטסט התחיל
[2025-06-21 20:54:07] info: הטסט התחיל
[2025-06-21 20:55:37] info: הטסט התחיל
[2025-06-21 20:57:35] info: הטסט התחיל
[2025-06-21 20:59:58] info: הטסט התחיל
[2025-06-21 21:01:51] info: הטסט התחיל
[2025-06-21 21:04:25] info: הטסט התחיל
[2025-06-21 21:06:28] info: הטסט התחיל
[2025-06-21 21:09:33] info: הטסט התחיל
[2025-06-21 21:11:33] info: הטסט התחיל
[2025-06-21 21:12:48] info: הטסט התחיל
[2025-06-21 21:14:01] info: הטסט התחיל
[2025-06-21 21:16:58] info: הטסט התחיל
[2025-06-21 21:23:14] info: הטסט התחיל
[2025-06-21 21:24:34] info: הטסט התחיל
[2025-06-21 21:25:46] info: הטסט התחיל
[2025-06-21 21:26:41] info: הטסט התחיל
[2025-06-21 21:27:52] info: הטסט התחיל
[2025-06-21 21:28:53] info: הטסט התחיל
[2025-06-21 21:33:57] info: הטסט התחיל
[2025-06-21 21:35:02] info: הטסט התחיל
[2025-06-21 21:39:14] info: הטסט התחיל
[2025-06-21 21:41:07] info: הטסט התחיל
[2025-06-22 11:18:26] info: הטסט התחיל
[2025-06-22 11:19:40] info: הטסט התחיל
[2025-06-22 11:24:53] info: הטסט התחיל
[2025-06-22 11:25:59] info: הטסט התחיל
[2025-06-22 11:32:35] info: הטסט התחיל
[2025-06-22 11:33:52] info: הטסט התחיל
[2025-06-22 11:37:30] info: הטסט התחיל
[2025-06-22 11:40:43] info: הטסט התחיל
[2025-06-22 11:41:38] info: הטסט התחיל
[2025-06-22 11:49:11] info: הטסט התחיל
[2025-06-22 11:52:52] info: הטסט התחיל
[2025-06-22 11:57:15] info: הטסט התחיל
[2025-06-22 11:58:24] info: הטסט התחיל
[2025-06-22 11:59:34] info: הטסט התחיל
[2025-06-22 12:02:21] info: הטסט התחיל
[2025-06-22 12:03:41] info: הטסט התחיל
[2025-06-22 12:04:31] info: הטסט התחיל
[2025-06-22 12:07:23] info: הטסט התחיל
[2025-06-22 12:08:10] info: הטסט התחיל
[2025-06-22 12:09:31] info: הטסט התחיל
[2025-06-22 12:15:59] info: הטסט התחיל
[2025-06-22 12:16:43] info: הטסט התחיל
[2025-06-22 12:22:53] info: הטסט התחיל
[2025-06-22 12:23:27] info: הטסט התחיל
[2025-06-22 12:38:58] info: הטסט התחיל
[2025-06-22 12:42:17] info: הטסט התחיל
[2025-06-22 12:45:01] info: הטסט התחיל
[2025-06-22 12:46:38] info: הטסט התחיל
[2025-06-22 12:51:23] info: הטסט התחיל
[2025-06-22 13:11:50] info: הטסט התחיל
[2025-06-22 13:11:58] info: הטסט התחיל
[2025-06-22 13:12:37] info: we came to the end
[2025-06-22 13:12:38] info: worked
[2025-06-22 13:12:41] info: פיקוד אחד נלחץ
[2025-06-22 13:13:05] info: אוגדה 1 נלחצה
[2025-06-22 13:13:46] info: הטסט התחיל
[2025-06-22 13:13:50] info: הטסט התחיל
[2025-06-22 13:13:55] info: הטסט התחיל
[2025-06-22 13:14:01] info: הטסט התחיל
[2025-06-22 13:14:06] info: הטסט התחיל
[2025-06-22 13:14:17] info: הטסט התחיל
[2025-06-22 13:14:22] info: הטסט התחיל
[2025-06-22 13:14:30] info: הטסט התחיל
[2025-06-22 13:14:37] info: הטסט התחיל
[2025-06-22 13:14:53] info: הטסט התחיל
[2025-06-22 13:17:54] info: הטסט התחיל
[2025-06-22 13:18:01] info: הטסט התחיל
[2025-06-22 13:18:17] info: הטסט התחיל
[2025-06-22 13:18:22] info: הטסט התחיל
[2025-06-22 13:18:27] info: הטסט התחיל
[2025-06-22 13:18:32] info: הטסט התחיל
[2025-06-22 13:18:36] info: הטסט התחיל
[2025-06-22 13:18:44] info: הטסט התחיל
[2025-06-22 13:18:49] info: הטסט התחיל
[2025-06-22 13:18:59] info: הטסט התחיל
[2025-06-22 13:19:07] info: הטסט התחיל
[2025-06-22 13:19:14] info: הטסט התחיל
[2025-06-22 13:19:28] info: הטסט התחיל
[2025-06-22 13:19:37] info: הטסט התחיל
[2025-06-22 13:48:56] info: הטסט התחיל
[2025-06-22 13:49:39] info: הטסט התחיל
[2025-06-22 13:51:38] info: הטסט התחיל
[2025-06-22 13:53:58] info: הטסט התחיל
[2025-06-22 15:53:28] info: הטסט התחיל
[2025-06-22 15:53:33] info: הטסט התחיל
[2025-06-22 15:53:38] info: הטסט התחיל
[2025-06-22 15:54:07] info: הטסט התחיל
[2025-06-22 15:54:11] info: הטסט התחיל
[2025-06-22 15:54:21] info: הטסט התחיל
[2025-06-22 15:54:29] info: הטסט התחיל
[2025-06-22 15:56:24] info: הטסט התחיל
[2025-06-22 15:56:29] info: הטסט התחיל
[2025-06-22 15:56:34] info: הטסט התחיל
[2025-06-22 15:56:43] info: הטסט התחיל
[2025-06-22 15:56:53] info: הטסט התחיל
[2025-06-22 15:56:58] info: הטסט התחיל
[2025-06-22 15:57:07] info: הטסט התחיל
[2025-06-22 16:00:12] info: הטסט התחיל
[2025-06-22 16:00:16] info: הטסט התחיל
[2025-06-22 16:00:21] info: הטסט התחיל
[2025-06-22 16:00:38] info: הטסט התחיל
[2025-06-22 16:00:48] info: הטסט התחיל
[2025-06-22 16:00:53] info: הטסט התחיל
[2025-06-22 16:01:03] info: הטסט התחיל
[2025-06-22 16:06:38] info: הטסט התחיל
[2025-06-22 16:06:45] info: הטסט התחיל
[2025-06-22 16:06:50] info: הטסט התחיל
[2025-06-22 16:07:00] info: הטסט התחיל
[2025-06-22 16:07:05] info: הטסט התחיל
[2025-06-22 16:07:10] info: הטסט התחיל
[2025-06-22 16:07:56] info: הטסט התחיל
[2025-06-22 16:08:01] info: הטסט התחיל
[2025-06-22 16:08:05] info: הטסט התחיל
[2025-06-22 16:08:18] info: הטסט התחיל
[2025-06-22 16:08:23] info: הטסט התחיל
[2025-06-22 16:08:27] info: הטסט התחיל
[2025-06-22 16:09:09] info: הטסט התחיל
[2025-06-22 16:09:14] info: הטסט התחיל
[2025-06-22 16:09:19] info: הטסט התחיל
[2025-06-22 16:09:23] info: הטסט התחיל
[2025-06-22 16:09:27] info: הטסט התחיל
[2025-06-22 16:09:32] info: הטסט התחיל
[2025-06-22 19:49:08] info: הטסט התחיל
[2025-06-22 19:49:16] info: הטסט התחיל
[2025-06-22 19:49:22] info: הטסט התחיל
[2025-06-22 19:49:29] info: הטסט התחיל
[2025-06-22 19:49:35] info: הטסט התחיל
[2025-06-22 19:49:41] info: הטסט התחיל
[2025-06-22 19:49:48] info: הטסט התחיל
[2025-06-22 19:51:26] info: הטסט התחיל
[2025-06-22 19:52:54] info: הטסט התחיל
[2025-06-22 19:58:29] info: הטסט התחיל
[2025-06-22 20:03:54] info: הטסט התחיל
[2025-06-22 20:06:42] info: הטסט התחיל
[2025-06-22 20:08:02] info: הטסט התחיל
[2025-06-22 20:09:34] info: הטסט התחיל
[2025-06-22 20:10:34] info: הטסט התחיל
[2025-06-23 13:07:34] info: הטסט התחיל
[2025-06-23 13:08:24] info: הטסט התחיל
[2025-06-23 13:10:23] info: הטסט התחיל
[2025-06-23 13:15:15] info: הטסט התחיל
[2025-06-23 13:15:54] info: הטסט התחיל
[2025-06-23 13:16:01] info: הטסט התחיל
[2025-06-23 13:17:17] info: הטסט התחיל
[2025-06-23 13:17:23] info: הטסט התחיל
[2025-06-23 13:18:43] info: הטסט התחיל
[2025-06-23 13:18:50] info: הטסט התחיל
[2025-06-23 13:23:50] info: הטסט התחיל
[2025-06-23 13:29:18] info: הטסט התחיל
[2025-06-23 13:29:24] info: הטסט התחיל
[2025-06-23 13:30:32] info: הטסט התחיל
[2025-06-23 13:32:02] info: הטסט התחיל
[2025-06-23 13:39:36] info: הטסט התחיל
[2025-06-23 13:39:44] info: הטסט התחיל
[2025-06-23 13:43:45] info: הטסט התחיל
[2025-06-23 13:44:28] info: הטסט התחיל
[2025-06-23 13:45:32] info: הטסט התחיל
[2025-06-23 13:46:14] info: הטסט התחיל
[2025-06-23 13:47:09] info: הטסט התחיל
[2025-06-23 13:50:59] info: הטסט התחיל
[2025-06-23 13:54:38] info: הטסט התחיל
[2025-06-23 13:54:45] info: הטסט התחיל
[2025-06-23 13:55:48] info: הטסט התחיל
[2025-06-23 13:55:54] info: הטסט התחיל
[2025-06-23 13:56:45] info: הטסט התחיל
[2025-06-23 13:57:48] info: הטסט התחיל
[2025-06-23 14:02:51] info: הטסט התחיל
[2025-06-23 14:02:59] info: הטסט התחיל
[2025-06-23 14:04:50] info: הטסט התחיל
[2025-06-23 14:05:01] info: הטסט התחיל
[2025-06-23 14:05:42] info: הטסט התחיל
[2025-06-23 14:05:52] info: הטסט התחיל
[2025-06-23 14:07:32] info: הטסט התחיל
[2025-06-23 14:07:42] info: הטסט התחיל
[2025-06-23 14:10:29] info: הטסט התחיל
[2025-06-23 14:10:40] info: הטסט התחיל
[2025-06-23 14:11:50] info: הטסט התחיל
[2025-06-23 14:12:01] info: הטסט התחיל
[2025-06-23 14:12:56] info: הטסט התחיל
[2025-06-23 14:13:06] info: הטסט התחיל
[2025-06-23 14:14:16] info: הטסט התחיל
[2025-06-23 14:14:27] info: הטסט התחיל
[2025-06-23 14:14:38] info: הטסט התחיל
[2025-06-23 14:15:09] info: הטסט התחיל
[2025-06-23 14:15:20] info: הטסט התחיל
[2025-06-23 14:15:31] info: הטסט התחיל
[2025-06-23 14:16:25] info: הטסט התחיל
[2025-06-23 14:16:32] info: הטסט התחיל
[2025-06-23 14:16:53] info: הטסט התחיל
[2025-06-23 14:17:39] info: הטסט התחיל
[2025-06-23 14:17:46] info: הטסט התחיל
[2025-06-23 14:17:53] info: הטסט התחיל
[2025-06-23 15:11:13] info: הטסט התחיל
[2025-06-23 15:40:53] info: הטסט התחיל
[2025-06-23 15:41:15] info: הטסט התחיל
[2025-06-23 15:41:24] info: הטסט התחיל
[2025-06-23 15:42:08] info: we came to the end
[2025-06-23 15:42:09] info: worked
[2025-06-23 15:42:13] info: פיקוד אחד נלחץ
[2025-06-23 15:42:19] info: אוגדה 1 נלחצה
[2025-06-23 15:43:14] info: הטסט התחיל
[2025-06-23 15:43:19] info: הטסט התחיל
[2025-06-23 15:43:24] info: הטסט התחיל
[2025-06-23 15:43:29] info: הטסט התחיל
[2025-06-23 15:43:34] info: הטסט התחיל
[2025-06-23 15:43:43] info: הטסט התחיל
[2025-06-23 15:43:48] info: הטסט התחיל
[2025-06-23 15:43:53] info: הטסט התחיל
[2025-06-23 15:43:57] info: הטסט התחיל
[2025-06-23 15:44:02] info: הטסט התחיל
[2025-06-23 15:44:06] info: הטסט התחיל
[2025-06-23 15:44:11] info: הטסט התחיל
[2025-06-23 15:44:15] info: הטסט התחיל
[2025-06-23 15:44:20] info: הטסט התחיל
[2025-06-23 15:44:27] info: הטסט התחיל
[2025-06-23 15:44:32] info: הטסט התחיל
[2025-06-23 15:44:36] info: הטסט התחיל
[2025-06-23 15:44:41] info: הטסט התחיל
[2025-06-23 15:44:46] info: הטסט התחיל
[2025-06-23 15:44:51] info: הטסט התחיל
[2025-06-23 15:44:55] info: הטסט התחיל
[2025-06-23 15:45:00] info: הטסט התחיל
[2025-06-23 15:45:05] info: הטסט התחיל
[2025-06-23 15:45:09] info: הטסט התחיל
[2025-06-23 15:45:14] info: הטסט התחיל
[2025-06-23 15:45:19] info: הטסט התחיל
[2025-06-23 15:45:24] info: הטסט התחיל
[2025-06-23 15:45:29] info: הטסט התחיל
[2025-06-23 15:45:33] info: הטסט התחיל
[2025-06-23 15:45:43] info: הטסט התחיל
[2025-06-23 15:45:55] info: הטסט התחיל
[2025-06-23 15:46:05] info: הטסט התחיל
[2025-06-23 15:46:12] info: הטסט התחיל
[2025-06-23 15:46:21] info: הטסט התחיל
